1570201883240	mozrunner::runner	INFO	Running command: "C:\\Program Files\\Mozilla Firefox\\firefox.exe" "-marionette" "-foreground" "-no-remote" "-profile" "C:\\Users\\AH0128~1\\AppData\\Local\\Temp\\rust_mozprofile.5uQ1E2k0rIJa"
console.error: Enterprise Policies: 
  Unknown policy: DisableUpdate
console.error: Enterprise Policies: 
  Unknown policy: DisableExtensionsUpdate
console.error: Enterprise Policies: 
  Unknown policy: DisableSearchUpdate
1570201886851	addons.webextension.screenshots@mozilla.org	WARN	Loading extension 'screenshots@mozilla.org': Reading manifest: Invalid extension permission: mozillaAddons
1570201886852	addons.webextension.screenshots@mozilla.org	WARN	Loading extension 'screenshots@mozilla.org': Reading manifest: Invalid extension permission: resource://pdf.js/
1570201886852	addons.webextension.screenshots@mozilla.org	WARN	Loading extension 'screenshots@mozilla.org': Reading manifest: Invalid extension permission: about:reader*
1570201895411	Marionette	INFO	Listening on port 50369
1570201895435	Marionette	WARN	TLS certificate errors will be ignored for this session
JavaScript warning: https://na.chargepoint.com/UI/js/site.js?1567153457, line 1387: unreachable code after return statement
console.error: BroadcastService: 
  receivedBroadcastMessage: handler for
  remote-settings/monitor_changes
  threw error:
  Message: Error: Polling for changes failed: http://%(server)s/dummy/blocklist//buckets/monitor/collections/changes/records?_expected=%221570201435828%22 is not a valid URL..
  Stack:
    remoteSettingsFunction/remoteSettings.pollChanges@resource://services-settings/remote-settings.js:203:13

JavaScript error: resource://devtools/client/framework/toolbox.js, line 1318: TypeError: currentPanel is undefined
console.warn: "Error while detaching the thread front: 'detach' request packet to 'server1.conn0.child1/context19' can't be sent as the connection is closed."
[Child 6296, Chrome_ChildThread] WARNING: pipe error: 109: file z:/task_1558035249/build/src/ipc/chromium/src/chrome/common/ipc_channel_win.cc, line 341
[Child 6296, Chrome_ChildThread] WARNING: pipe error: 109: file z:/task_1558035249/JavaScript error: resource:///modules/WindowsJumpLists.jsm, line 269: TypeError: this._builder is undefined
[Parent 13000, Gecko_IOThread] WARNING: file z:/task_1558035249/build/src/ipc/chromium/src/base/process_util_win.cc, line 160
1570203576702	Marionette	INFO	Stopped listening on port 50369

###!!! [Child][RunMessage] Error: Channel closing: too late to send/recv, messages will be lost

[GPU 13044, Chrome_Cnvalid extension permission: about:reader*
1570203215722	Marionette	INFO	Listening on port 51652
1570203216103	Marionette	WARN	TLS certificate errors will be ignored for this session
JavaScript warning: https://na.chargepoint.com/UI/js/site.js?1567153586, line 1387: unreachable code after return statement
[Parent 7836, Gecko_IOThread] WARNING: pipe error: 109: file z:/task_1558035249/build/src/ipc/chromium/src/chrome/common/ipc_channel_win.cc, line 341
[Parent 7836, Gecko_IOThread] WARNING: pipe error: 109: file z:/task_1558035249/build/src/ipc/chromium/src/chrome/common/ipc_channel_win.cc, line 341
[Child 17888, Chrome_ChildThread] WARNING: pipe error: 109: file z:/task_1558035249/build/src/ipc/chromium/src/chrome/common/ipc_channel_win.cc, line 341
1570203576410	Marionette	INFO	Stopped listening on port 51652

###!!! [Parent][RunMessage] Error: Channel closing: too late to send/recv, messages will be lost


###!!! [Parent][RunMessage] Error: Channel closing: too late to send/recv, messages will be lost


###!!! [Child][MessageChannel::SendAndWait] Error: Channel error: cannot send/recv

3572341	addons.webextension.screenshots@mozilla.org	WARN	Loading extension 'screenshots@mozilla.org': Reading manifest: Invalid extension permission: about:reader*
1570203581324	Marionette	INFO	Listening on port 52196
1570203581537	Marionette	WARN	TLS certificate errors will be ignored for this session
JavaScript warning: https://na.chargepoint.com/UI/js/site.js?1567153457, line 1387: unreachable code after return statement
[Parent 18416, Gecko_IOThread] WARNING: pipe error: 109: file z:/task_1558035249/build/src/ipc/chromium/src/chrome/common/ipc_channel_win.cc, line 341
[Parent 18416, Gecko_IOThread] WARNING: pipe error: 109: file z:/task_1558035249/build/src/ipc/chromium/src/chrome/common/ipc_channel_win.cc, line 341
[Child 15836, Chrome_ChildThread] WARNING: pipe error: 109: file z:/task_1558035249/build/src/ipc/chromium/src/chrome/common/ipc_channel_win.cc, line 341
1570203640681	Marionette	INFO	Stopped listening on port 52196

###!!! [Child][RunMessage] Error: Channel closing: too late to send/recv, messages will be lost

[GPU 8048,
###!!! [Child][MessageChannel::SendAndWait] Error: Channel error: cannot send/recv

1570203647727	mozrunner::runner	INFO	Running command: "C:\\Program Files\\Mozilla Firefox\\firefox.exe" "-marionette" "-foreground" "-no-remote" "-profile" "C:\\Users\\AH0128~1\\AppData\\Local\\Temp\\rust_mozprofile.qdFGLxkJccrS"
console.error: Enterprise Policies: 
  Unknown policy: DisableUpdate
console.error: Enterprise Policies: 
  Unknown policy: DisableExtensionsUpdate
console.error: Enterprise Policies: 
  Unknown policy: DisableSearchUpdate
1570203649065	addons.webextension.screenshots@mozilla.org	WARN	Loading extension 'screenshots@mozilla.org': Reading manifest: Invalid extension permission: mozillaAddons
1570203649066	addons.webextension.screenshots@mozilla.org	WARN	Loading extension 'screenshots@mozilla.org': Reading manifest: Invalid extension permission: resource://pdf.js/
1570203649066	addons.webextension.screenshots@mozilla.org	WARN	Loading extension 'screenshots@mozilla.org': Reading manifest: Invalid extension permission: about:reader*
1570203653373	Marionette	INFO	Listening on port 52366
1570203653872	Marionette	WARN	TLS certificate errors will be ignored for this session
JavaScript warning: https://na.chargepoint.com/UI/js/site.js?1567153586, line 1387: unreachable code after return statement
console.error: BroadcastService: 
  receivedBroadcastMessage: handler for
  remote-settings/monitor_changes
  threw error:
  Message: Error: Polling for changes failed: http://%(server)s/dummy/blocklist//buckets/monitor/collections/changes/records?_expected=%221570201435828%22 is not a valid URL..
  Stack:
    remoteSettingsFunction/remoteSettings.pollChanges@resource://services-settings/remote-settings.js:203:13

own policy: DisableSearchUpdate
1570203715163	addons.webextension.screenshots@mozilla.org	WARN	Loading extension 'screenshots@mozilla.org': Reading manifest: Invalid extension permission: mozillaAddons
1570203715164	addons.webextension.screenshots@mozilla.org	WARN	Loading extension 'screenshots@mozilla.org': Reading manifest: Invalid extension permission: resource://pdf.js/
1570203715164	addons.webextension.screenshots@mozilla.org	WARN	Loading extension 'screenshots@mozilla.org': Reading manifest: Invalid extension permission: about:reader*
1570203719675	Marionette	INFO	Listening on port 52516
1570203720000	Marionette	WARN	TLS certificate errors will be ignored for this session
JavaScript warning: https://na.chargepoint.com/UI/js/site.js?1567153586, line 1387: unreachable code after return statement
console.error: BroadcastService: 
  receivedBroadcastMessage: handler for
  remote-settings/monitor_changes
  threw error:
  Message: Error: Polling for changes failed: http://%(server)s/dummy/blocklist//buckets/monitor/collections/changes/records?_expected=%221570201435828%22 is not a valid URL..
  Stack:
    remoteSettingsFunction/remoteSettings.pollChanges@resource://services-settings/remote-settings.js:203:13

1570203969159	mozrunner::runner	INFO	Running command: "C:\\Program Files\\Mozilla Firefox\\firefox.exe" "-marionette" "-foreground" "-no-remote" "-profile" "C:\\Users\\AH0128~1\\AppData\\Local\\Temp\\rust_mozprofile.QcPC6YMtayPh"
console.error: Enterprise Policies: 
  Unknown policy: DisableUpdate
console.error: Enterprise Policies: 
  Unknown policy: DisableExtensionsUpdate
console.error: Enterprise Policies: 
  Unknown policy: DisableSearchUpdate
1570203970647	addons.webextension.screenshots@mozilla.org	WARN	Loading extension 'screenshots@mozilla.org': Reading manifest: Invalid extension permission: mozillaAddons
1570203970648	addons.webextension.screenshots@mozilla.org	WARN	Loading extension 'screenshots@mozilla.org': Reading manifest: Invalid extension permission: resource://pdf.js/
1570203970648	addons.webextension.screenshots@mozilla.org	WARN	Loading extension 'screenshots@mozilla.org': Reading manifest: Invalid extension permission: about:reader*
1570203976566	Marionette	INFO	Listening on port 52904
1570203976634	Marionette	WARN	TLS certificate errors will be ignored for this session
console.error: BroadcastService: 
  receivedBroadcastMessage: handler for
  remote-settings/monitor_changes
  threw error:
  Message: Error: Polling for changes failed: http://%(server)s/dummy/blocklist//buckets/monitor/collections/changes/records?_expected=%221570201435828%22 is not a valid URL..
  Stack:
    remoteSettingsFunction/remoteSettings.pollChanges@resource://services-settings/remote-settings.js:203:13

JavaScript warning: https://na.chargepoint.com/UI/js/site.js?1567153457, line 1387: unreachable code after return statement
1570204055847	mozrunner::runner	INFO	Running command: "C:\\Program Files\\Mozilla Firefox\\firefox.exe" "-marionette" "-foreground" "-no-remote" "-profile" "C:\\Users\\AH0128~1\\AppData\\Local\\Temp\\rust_mozprofile.MoPFIkNOJcNw"
console.error: Enterprise Policies: 
  Unknown policy: DisableUpdate
console.error: Enterprise Policies: 
  Unknown policy: DisableExtensionsUpdate
console.error: Enterprise Policies: 
  Unknown policy: DisableSearchUpdate
1570204057365	addons.webextension.screenshots@mozilla.org	WARN	Loading extension 'screenshots@mozilla.org': Reading manifest: Invalid extension permission: mozillaAddons
1570204057367	addons.webextension.screenshots@mozilla.org	WARN	Loading extension 'screenshots@mozilla.org': Reading manifest: Invalid extension permission: resource://pdf.js/
1570204057367	addons.webextension.screenshots@mozilla.org	WARN	Loading extension 'screenshots@mozilla.org': Reading manifest: Invalid extension permission: about:reader*
1570204064043	Marionette	INFO	Listening on port 53034
1570204064495	Marionette	WARN	TLS certificate errors will be ignored for this session
JavaScript warning: https://na.chargepoint.com/UI/js/site.js?1567153457, line 1387: unreachable code after return statement
console.error: BroadcastService: 
  receivedBroadcastMessage: handler for
  remote-settings/monitor_changes
  threw error:
  Message: Error: Polling for changes failed: http://%(server)s/dummy/blocklist//buckets/monitor/collections/changes/records?_expected=%221570213236062%22 is not a valid URL..
  Stack:
    remoteSettingsFunction/remoteSettings.pollChanges@resource://services-settings/remote-settings.js:203:13

